
    Remote ADD: Friday, October 25th 2024, 6:20:20 pm
    URL : http://localhost:5000/api/AddCategory
    RequestBody : {"SlugName":"Charlotte Mcfarland","CategoryName":"Penelope Farmer","discription":"<p>Vitae quam elit, ver.</p>","BuyersGuide":"<p>Eu saepe cum occaeca.</p>","Camparision":[]}
    Authorization : undefine
    Response : MongoServerError: Plan executor error during findAndModify :: caused by :: E11000 duplicate key error collection: test.SoftwareCategory index: slug_1 dup key: { slug: null }
    at Connection.sendCommand (C:\Users\Tech Team\Desktop\MERN\software-generation-backend\node_modules\mongodb\lib\cmap\connection.js:297:27)
    at process.processTicksAndRejections (node:internal/process/task_queues:95:5)
    at async Connection.command (C:\Users\Tech Team\Desktop\MERN\software-generation-backend\node_modules\mongodb\lib\cmap\connection.js:325:26)
    at async Server.command (C:\Users\Tech Team\Desktop\MERN\software-generation-backend\node_modules\mongodb\lib\sdam\server.js:166:24)
    at async FindOneAndUpdateOperation.executeCommand (C:\Users\Tech Team\Desktop\MERN\software-generation-backend\node_modules\mongodb\lib\operations\command.js:74:16)
    at async FindOneAndUpdateOperation.execute (C:\Users\Tech Team\Desktop\MERN\software-generation-backend\node_modules\mongodb\lib\operations\find_and_modify.js:91:24)
    at async executeOperation (C:\Users\Tech Team\Desktop\MERN\software-generation-backend\node_modules\mongodb\lib\operations\execute_operation.js:136:16)
    at async Collection.findOneAndUpdate (C:\Users\Tech Team\Desktop\MERN\software-generation-backend\node_modules\mongodb\lib\collection.js:480:16)
    at async model.Query._findOneAndUpdate (C:\Users\Tech Team\Desktop\MERN\software-generation-backend\node_modules\mongoose\lib\query.js:3348:13)
    at async model.Query.exec (C:\Users\Tech Team\Desktop\MERN\software-generation-backend\node_modules\mongoose\lib\query.js:4342:63)
    
    Remote ADD: Friday, October 25th 2024, 6:21:48 pm
    URL : http://localhost:5000/api/AddCategory
    RequestBody : {"SlugName":"Lee Howard","CategoryName":"Gannon Osborn","discription":"<p>Numquam hic tempor d.</p>","BuyersGuide":"<p>Ullamco incidunt, ar.</p>","Camparision":[]}
    Authorization : undefine
    Response : MongoServerError: Plan executor error during findAndModify :: caused by :: E11000 duplicate key error collection: test.SoftwareCategory index: slug_1 dup key: { slug: null }
    at Connection.sendCommand (C:\Users\Tech Team\Desktop\MERN\software-generation-backend\node_modules\mongodb\lib\cmap\connection.js:297:27)
    at process.processTicksAndRejections (node:internal/process/task_queues:95:5)
    at async Connection.command (C:\Users\Tech Team\Desktop\MERN\software-generation-backend\node_modules\mongodb\lib\cmap\connection.js:325:26)
    at async Server.command (C:\Users\Tech Team\Desktop\MERN\software-generation-backend\node_modules\mongodb\lib\sdam\server.js:166:24)
    at async FindOneAndUpdateOperation.executeCommand (C:\Users\Tech Team\Desktop\MERN\software-generation-backend\node_modules\mongodb\lib\operations\command.js:74:16)
    at async FindOneAndUpdateOperation.execute (C:\Users\Tech Team\Desktop\MERN\software-generation-backend\node_modules\mongodb\lib\operations\find_and_modify.js:91:24)
    at async executeOperation (C:\Users\Tech Team\Desktop\MERN\software-generation-backend\node_modules\mongodb\lib\operations\execute_operation.js:136:16)
    at async Collection.findOneAndUpdate (C:\Users\Tech Team\Desktop\MERN\software-generation-backend\node_modules\mongodb\lib\collection.js:480:16)
    at async model.Query._findOneAndUpdate (C:\Users\Tech Team\Desktop\MERN\software-generation-backend\node_modules\mongoose\lib\query.js:3348:13)
    at async model.Query.exec (C:\Users\Tech Team\Desktop\MERN\software-generation-backend\node_modules\mongoose\lib\query.js:4342:63)
    
    Remote ADD: Friday, October 25th 2024, 6:40:12 pm
    URL : http://localhost:5000/api/AddCategory
    RequestBody : {"SlugName":"Taylor Hinton","CategoryName":"Vance Aguirre","discription":"<p>Perspiciatis, neque .</p>","BuyersGuide":"<p>Ea do amet, ex non r.</p>","Camparision":[]}
    Authorization : undefine
    Response : MongoServerError: Plan executor error during findAndModify :: caused by :: E11000 duplicate key error collection: sandbox.SoftwareCategory index: slug_1 dup key: { slug: null }
    at Connection.sendCommand (C:\Users\Tech Team\Desktop\MERN\software-generation-backend\node_modules\mongodb\lib\cmap\connection.js:297:27)
    at process.processTicksAndRejections (node:internal/process/task_queues:95:5)
    at async Connection.command (C:\Users\Tech Team\Desktop\MERN\software-generation-backend\node_modules\mongodb\lib\cmap\connection.js:325:26)
    at async Server.command (C:\Users\Tech Team\Desktop\MERN\software-generation-backend\node_modules\mongodb\lib\sdam\server.js:166:24)
    at async FindOneAndUpdateOperation.executeCommand (C:\Users\Tech Team\Desktop\MERN\software-generation-backend\node_modules\mongodb\lib\operations\command.js:74:16)
    at async FindOneAndUpdateOperation.execute (C:\Users\Tech Team\Desktop\MERN\software-generation-backend\node_modules\mongodb\lib\operations\find_and_modify.js:91:24)
    at async executeOperation (C:\Users\Tech Team\Desktop\MERN\software-generation-backend\node_modules\mongodb\lib\operations\execute_operation.js:136:16)
    at async Collection.findOneAndUpdate (C:\Users\Tech Team\Desktop\MERN\software-generation-backend\node_modules\mongodb\lib\collection.js:480:16)
    at async model.Query._findOneAndUpdate (C:\Users\Tech Team\Desktop\MERN\software-generation-backend\node_modules\mongoose\lib\query.js:3348:13)
    at async model.Query.exec (C:\Users\Tech Team\Desktop\MERN\software-generation-backend\node_modules\mongoose\lib\query.js:4342:63)
    
    Remote ADD: Friday, October 25th 2024, 6:42:34 pm
    URL : http://localhost:5000/api/AddCategory
    RequestBody : {"SlugName":"Graiden Rice","CategoryName":"India Jensen","discription":"<p>Dolores quibusdam si.</p>","BuyersGuide":"<p>Odit enim non sit vo.</p>","Camparision":[]}
    Authorization : undefine
    Response : MongoServerError: Plan executor error during findAndModify :: caused by :: E11000 duplicate key error collection: sandbox.SoftwareCategory index: slug_1 dup key: { slug: null }
    at Connection.sendCommand (C:\Users\Tech Team\Desktop\MERN\software-generation-backend\node_modules\mongodb\lib\cmap\connection.js:297:27)
    at process.processTicksAndRejections (node:internal/process/task_queues:95:5)
    at async Connection.command (C:\Users\Tech Team\Desktop\MERN\software-generation-backend\node_modules\mongodb\lib\cmap\connection.js:325:26)
    at async Server.command (C:\Users\Tech Team\Desktop\MERN\software-generation-backend\node_modules\mongodb\lib\sdam\server.js:166:24)
    at async FindOneAndUpdateOperation.executeCommand (C:\Users\Tech Team\Desktop\MERN\software-generation-backend\node_modules\mongodb\lib\operations\command.js:74:16)
    at async FindOneAndUpdateOperation.execute (C:\Users\Tech Team\Desktop\MERN\software-generation-backend\node_modules\mongodb\lib\operations\find_and_modify.js:91:24)
    at async executeOperation (C:\Users\Tech Team\Desktop\MERN\software-generation-backend\node_modules\mongodb\lib\operations\execute_operation.js:136:16)
    at async Collection.findOneAndUpdate (C:\Users\Tech Team\Desktop\MERN\software-generation-backend\node_modules\mongodb\lib\collection.js:480:16)
    at async model.Query._findOneAndUpdate (C:\Users\Tech Team\Desktop\MERN\software-generation-backend\node_modules\mongoose\lib\query.js:3348:13)
    at async model.Query.exec (C:\Users\Tech Team\Desktop\MERN\software-generation-backend\node_modules\mongoose\lib\query.js:4342:63)
    
    Remote ADD: Friday, October 25th 2024, 6:45:43 pm
    URL : http://localhost:5000/api/AddCategory
    RequestBody : {"SlugName":"Graham Page","CategoryName":"Rhona Serrano","discription":"<p>Sunt dolore sapiente.</p>","BuyersGuide":"<p>Est, mollitia perfer.</p>","Camparision":[]}
    Authorization : undefine
    Response : MongoServerError: Plan executor error during findAndModify :: caused by :: E11000 duplicate key error collection: sandbox.SoftwareCategory index: slug_1 dup key: { slug: null }
    at Connection.sendCommand (C:\Users\Tech Team\Desktop\MERN\software-generation-backend\node_modules\mongodb\lib\cmap\connection.js:297:27)
    at process.processTicksAndRejections (node:internal/process/task_queues:95:5)
    at async Connection.command (C:\Users\Tech Team\Desktop\MERN\software-generation-backend\node_modules\mongodb\lib\cmap\connection.js:325:26)
    at async Server.command (C:\Users\Tech Team\Desktop\MERN\software-generation-backend\node_modules\mongodb\lib\sdam\server.js:166:24)
    at async FindOneAndUpdateOperation.executeCommand (C:\Users\Tech Team\Desktop\MERN\software-generation-backend\node_modules\mongodb\lib\operations\command.js:74:16)
    at async FindOneAndUpdateOperation.execute (C:\Users\Tech Team\Desktop\MERN\software-generation-backend\node_modules\mongodb\lib\operations\find_and_modify.js:91:24)
    at async executeOperation (C:\Users\Tech Team\Desktop\MERN\software-generation-backend\node_modules\mongodb\lib\operations\execute_operation.js:136:16)
    at async Collection.findOneAndUpdate (C:\Users\Tech Team\Desktop\MERN\software-generation-backend\node_modules\mongodb\lib\collection.js:480:16)
    at async model.Query._findOneAndUpdate (C:\Users\Tech Team\Desktop\MERN\software-generation-backend\node_modules\mongoose\lib\query.js:3348:13)
    at async model.Query.exec (C:\Users\Tech Team\Desktop\MERN\software-generation-backend\node_modules\mongoose\lib\query.js:4342:63)
    