
    Remote ADD: Saturday, January 4th 2025, 8:58:07 pm
    URL : http://localhost:5000/api/AddSoftware
    RequestBody : {"data":"{\"CategoryId\":\"6739c6aad35dff1ff9dc6d49\",\"SoftwareName\":\"Zooho Book not in the book\",\"SubTittle\":\"Tempora ipsum ipsum\",\"discription\":\"<p>discription</p>\",\"SoftWareQA\":\"<p>Q&amp;a</p>\",\"KeyFeatures\":[{\"label\":\"ajsalfsa\",\"value\":\"ajsalfsa\",\"__isNew__\":true},{\"label\":\"assajkfsa\",\"value\":\"assajkfsa\",\"__isNew__\":true},{\"label\":\"sajhsaj\",\"value\":\"sajhsaj\",\"__isNew__\":true}],\"UspData\":[{\"tittle\":\"benifit\",\"content\":\"<p><strong>benifit:</strong>this id the benifits</p>\",\"index\":null}],\"id\":null,\"graphScore\":[\"12\",\"34\",\"56\",\"100\"],\"specData\":[{\"title\":\"this is 1 tittle\",\"value\":\"this is frist value\"},{\"title\":\"this is 2 tittle\",\"value\":\"this is second value\"}]}"}
    Authorization : undefine
    Response : TypeError: Cannot read properties of undefined (reading '0')
    at C:\Users\ansar\Desktop\projects\software-generation-backend\src\Controller\DynamicPagesController.js:90:30
    at C:\Users\ansar\Desktop\projects\software-generation-backend\src\utils\asyncErrorHandller.js:4:9
    at Layer.handle [as handle_request] (C:\Users\ansar\Desktop\projects\software-generation-backend\node_modules\express\lib\router\layer.js:95:5)
    at next (C:\Users\ansar\Desktop\projects\software-generation-backend\node_modules\express\lib\router\route.js:149:13)
    at done (C:\Users\ansar\Desktop\projects\software-generation-backend\node_modules\multer\lib\make-middleware.js:45:7)
    at indicateDone (C:\Users\ansar\Desktop\projects\software-generation-backend\node_modules\multer\lib\make-middleware.js:49:68)
    at Multipart.<anonymous> (C:\Users\ansar\Desktop\projects\software-generation-backend\node_modules\multer\lib\make-middleware.js:166:7)
    at Multipart.emit (node:events:518:28)
    at emitCloseNT (node:internal/streams/destroy:147:10)
    at process.processTicksAndRejections (node:internal/process/task_queues:81:21)
    
    Remote ADD: Saturday, January 4th 2025, 9:05:29 pm
    URL : http://localhost:5000/api/AddSoftware
    RequestBody : {"data":"{\"CategoryId\":\"6739c6aad35dff1ff9dc6d49\",\"SoftwareName\":\"\",\"SubTittle\":\"\",\"discription\":\"<p><br></p>\",\"SoftWareQA\":\"<p><br></p>\",\"KeyFeatures\":[],\"UspData\":[{\"tittle\":\"this is tittle\",\"content\":\"<p>this is content </p>\",\"index\":null}],\"id\":null,\"graphScore\":[\"23\",\"12\",\"90\",\"9\"],\"specData\":[{\"title\":\"this is 1 software\",\"value\":\"this is second value\"},{\"title\":\"this is 2 tittle\",\"value\":\"this is second value\"}]}"}
    Authorization : undefine
    Response : TypeError: Cannot read properties of undefined (reading '0')
    at C:\Users\ansar\Desktop\projects\software-generation-backend\src\Controller\DynamicPagesController.js:90:30
    at C:\Users\ansar\Desktop\projects\software-generation-backend\src\utils\asyncErrorHandller.js:4:9
    at Layer.handle [as handle_request] (C:\Users\ansar\Desktop\projects\software-generation-backend\node_modules\express\lib\router\layer.js:95:5)
    at next (C:\Users\ansar\Desktop\projects\software-generation-backend\node_modules\express\lib\router\route.js:149:13)
    at done (C:\Users\ansar\Desktop\projects\software-generation-backend\node_modules\multer\lib\make-middleware.js:45:7)
    at indicateDone (C:\Users\ansar\Desktop\projects\software-generation-backend\node_modules\multer\lib\make-middleware.js:49:68)
    at Multipart.<anonymous> (C:\Users\ansar\Desktop\projects\software-generation-backend\node_modules\multer\lib\make-middleware.js:166:7)
    at Multipart.emit (node:events:518:28)
    at emitCloseNT (node:internal/streams/destroy:147:10)
    at process.processTicksAndRejections (node:internal/process/task_queues:81:21)
    