
    Remote ADD: Sunday, November 3rd 2024, 5:41:59 pm
    URL : http://localhost:5000/api/AddCategory
    RequestBody : {"SlugName":"SMTy","CategoryName":"Damon Roth","discription":"<p><strong>Laborum nisi est con.</strong></p>","BuyersGuide":"<p><strong>Alias incidunt, corr.</strong></p>","Camparision":[]}
    Authorization : undefine
    Response : MongoServerError: Plan executor error during findAndModify :: caused by :: E11000 duplicate key error collection: sandbox.SoftwareCategory index: CategoryName_1 dup key: { CategoryName: "Damon Roth" }
    at Connection.sendCommand (C:\Users\ansar\Desktop\projects\software-generation-backend\node_modules\mongodb\lib\cmap\connection.js:297:27)
    at process.processTicksAndRejections (node:internal/process/task_queues:95:5)
    at async Connection.command (C:\Users\ansar\Desktop\projects\software-generation-backend\node_modules\mongodb\lib\cmap\connection.js:325:26)
    at async Server.command (C:\Users\ansar\Desktop\projects\software-generation-backend\node_modules\mongodb\lib\sdam\server.js:166:24)
    at async FindOneAndUpdateOperation.executeCommand (C:\Users\ansar\Desktop\projects\software-generation-backend\node_modules\mongodb\lib\operations\command.js:74:16)
    at async FindOneAndUpdateOperation.execute (C:\Users\ansar\Desktop\projects\software-generation-backend\node_modules\mongodb\lib\operations\find_and_modify.js:91:24)
    at async executeOperation (C:\Users\ansar\Desktop\projects\software-generation-backend\node_modules\mongodb\lib\operations\execute_operation.js:136:16)
    at async Collection.findOneAndUpdate (C:\Users\ansar\Desktop\projects\software-generation-backend\node_modules\mongodb\lib\collection.js:480:16)
    at async model.Query._findOneAndUpdate (C:\Users\ansar\Desktop\projects\software-generation-backend\node_modules\mongoose\lib\query.js:3348:13)
    at async model.Query.exec (C:\Users\ansar\Desktop\projects\software-generation-backend\node_modules\mongoose\lib\query.js:4342:63)
    
    Remote ADD: Sunday, November 3rd 2024, 5:43:16 pm
    URL : http://localhost:5000/api/UpdateCategory
    RequestBody : {"SlugName":"SMTy","CategoryName":"Damon Roth","discription":"<p><strong>Laborum nisi est con.</strong></p>","BuyersGuide":"<p><strong>Alias incidunt, corr.</strong></p>","Camparision":[],"id":"671f5f5400af443e210520ec"}
    Authorization : undefine
    Response : MongoServerError: Plan executor error during findAndModify :: caused by :: E11000 duplicate key error collection: sandbox.SoftwareCategory index: CategoryName_1 dup key: { CategoryName: "Damon Roth" }
    at Connection.sendCommand (C:\Users\ansar\Desktop\projects\software-generation-backend\node_modules\mongodb\lib\cmap\connection.js:297:27)
    at process.processTicksAndRejections (node:internal/process/task_queues:95:5)
    at async Connection.command (C:\Users\ansar\Desktop\projects\software-generation-backend\node_modules\mongodb\lib\cmap\connection.js:325:26)
    at async Server.command (C:\Users\ansar\Desktop\projects\software-generation-backend\node_modules\mongodb\lib\sdam\server.js:166:24)
    at async FindOneAndUpdateOperation.executeCommand (C:\Users\ansar\Desktop\projects\software-generation-backend\node_modules\mongodb\lib\operations\command.js:74:16)
    at async FindOneAndUpdateOperation.execute (C:\Users\ansar\Desktop\projects\software-generation-backend\node_modules\mongodb\lib\operations\find_and_modify.js:91:24)
    at async executeOperation (C:\Users\ansar\Desktop\projects\software-generation-backend\node_modules\mongodb\lib\operations\execute_operation.js:136:16)
    at async Collection.findOneAndUpdate (C:\Users\ansar\Desktop\projects\software-generation-backend\node_modules\mongodb\lib\collection.js:480:16)
    at async model.Query._findOneAndUpdate (C:\Users\ansar\Desktop\projects\software-generation-backend\node_modules\mongoose\lib\query.js:3348:13)
    at async model.Query.exec (C:\Users\ansar\Desktop\projects\software-generation-backend\node_modules\mongoose\lib\query.js:4342:63)
    
    Remote ADD: Sunday, November 3rd 2024, 5:44:16 pm
    URL : http://localhost:5000/api/UpdateCategory
    RequestBody : {"SlugName":"SMTy","CategoryName":"Damon Roth","discription":"<p><strong>Laborum nisi est con.</strong></p>","BuyersGuide":"<p><strong>Alias incidunt, corr.</strong></p>","Camparision":[],"id":"671f5f5400af443e210520ec"}
    Authorization : undefine
    Response : MongoServerError: Plan executor error during findAndModify :: caused by :: E11000 duplicate key error collection: sandbox.SoftwareCategory index: CategoryName_1 dup key: { CategoryName: "Damon Roth" }
    at Connection.sendCommand (C:\Users\ansar\Desktop\projects\software-generation-backend\node_modules\mongodb\lib\cmap\connection.js:297:27)
    at process.processTicksAndRejections (node:internal/process/task_queues:95:5)
    at async Connection.command (C:\Users\ansar\Desktop\projects\software-generation-backend\node_modules\mongodb\lib\cmap\connection.js:325:26)
    at async Server.command (C:\Users\ansar\Desktop\projects\software-generation-backend\node_modules\mongodb\lib\sdam\server.js:166:24)
    at async FindOneAndUpdateOperation.executeCommand (C:\Users\ansar\Desktop\projects\software-generation-backend\node_modules\mongodb\lib\operations\command.js:74:16)
    at async FindOneAndUpdateOperation.execute (C:\Users\ansar\Desktop\projects\software-generation-backend\node_modules\mongodb\lib\operations\find_and_modify.js:91:24)
    at async executeOperation (C:\Users\ansar\Desktop\projects\software-generation-backend\node_modules\mongodb\lib\operations\execute_operation.js:136:16)
    at async Collection.findOneAndUpdate (C:\Users\ansar\Desktop\projects\software-generation-backend\node_modules\mongodb\lib\collection.js:480:16)
    at async model.Query._findOneAndUpdate (C:\Users\ansar\Desktop\projects\software-generation-backend\node_modules\mongoose\lib\query.js:3348:13)
    at async model.Query.exec (C:\Users\ansar\Desktop\projects\software-generation-backend\node_modules\mongoose\lib\query.js:4342:63)
    
    Remote ADD: Sunday, November 3rd 2024, 6:06:30 pm
    URL : http://localhost:5000/api/AddSoftware
    RequestBody : {"CategoryId":"671f6f7f00af443e211b52a5","SoftwareName":"Oleg White","SubTittle":"Quis pariatur Tempo","discription":"<p>Quo ipsa, nemo nisi .</p>","SoftWareQA":"<p>Laboris ad totam con.</p>","KeyFeatures":"[object Object],[object Object],[object Object],[object Object],[object Object],[object Object],[object Object],[object Object],[object Object],[object Object],[object Object],[object Object],[object Object],[object Object],[object Object],[object Object],[object Object],[object Object],[object Object],[object Object],[object Object],[object Object],[object Object]","UspData":"[object Object]"}
    Authorization : undefine
    Response : TypeError: UspData.map is not a function
    at C:\Users\ansar\Desktop\projects\software-generation-backend\src\Controller\DynamicPagesController.js:51:32
    at C:\Users\ansar\Desktop\projects\software-generation-backend\src\utils\asyncErrorHandller.js:4:9
    at Layer.handle [as handle_request] (C:\Users\ansar\Desktop\projects\software-generation-backend\node_modules\express\lib\router\layer.js:95:5)
    at next (C:\Users\ansar\Desktop\projects\software-generation-backend\node_modules\express\lib\router\route.js:149:13)
    at done (C:\Users\ansar\Desktop\projects\software-generation-backend\node_modules\multer\lib\make-middleware.js:45:7)
    at indicateDone (C:\Users\ansar\Desktop\projects\software-generation-backend\node_modules\multer\lib\make-middleware.js:49:68)
    at Multipart.<anonymous> (C:\Users\ansar\Desktop\projects\software-generation-backend\node_modules\multer\lib\make-middleware.js:166:7)
    at Multipart.emit (node:events:518:28)
    at emitCloseNT (node:internal/streams/destroy:147:10)
    at process.processTicksAndRejections (node:internal/process/task_queues:81:21)
    
    Remote ADD: Sunday, November 3rd 2024, 6:26:11 pm
    URL : http://localhost:5000/api/AddSoftware
    RequestBody : {"CategoryId":"671f6f7f00af443e211b52a5","SoftwareName":"Leigh Perry","SubTittle":"Nisi aut quos eum il","discription":"<p>Elit, culpa numquam .</p>","SoftWareQA":"<p>Ad et qui dolores pr.</p>","KeyFeatures":"[object Object],[object Object],[object Object],[object Object],[object Object],[object Object],[object Object],[object Object],[object Object],[object Object],[object Object],[object Object],[object Object],[object Object],[object Object],[object Object],[object Object],[object Object],[object Object],[object Object],[object Object],[object Object],[object Object]","UspData":"[object Object]"}
    Authorization : undefine
    Response : TypeError: UspData.map is not a function
    at C:\Users\ansar\Desktop\projects\software-generation-backend\src\Controller\DynamicPagesController.js:51:32
    at C:\Users\ansar\Desktop\projects\software-generation-backend\src\utils\asyncErrorHandller.js:4:9
    at Layer.handle [as handle_request] (C:\Users\ansar\Desktop\projects\software-generation-backend\node_modules\express\lib\router\layer.js:95:5)
    at next (C:\Users\ansar\Desktop\projects\software-generation-backend\node_modules\express\lib\router\route.js:149:13)
    at done (C:\Users\ansar\Desktop\projects\software-generation-backend\node_modules\multer\lib\make-middleware.js:45:7)
    at indicateDone (C:\Users\ansar\Desktop\projects\software-generation-backend\node_modules\multer\lib\make-middleware.js:49:68)
    at C:\Users\ansar\Desktop\projects\software-generation-backend\node_modules\multer\lib\make-middleware.js:155:11
    at WriteStream.<anonymous> (C:\Users\ansar\Desktop\projects\software-generation-backend\node_modules\multer\storage\disk.js:43:9)
    at WriteStream.emit (node:events:530:35)
    at finish (node:internal/streams/writable:945:10)
    
    Remote ADD: Sunday, November 3rd 2024, 6:28:08 pm
    URL : http://localhost:5000/api/AddSoftware
    RequestBody : {"data":"{\"CategoryId\":\"671f6f7f00af443e211b52a5\",\"SoftwareName\":\"Nomlanga Wade\",\"SubTittle\":\"Soluta qui rem ea il\",\"discription\":\"<p>Earum fugiat, velit .</p>\",\"SoftWareQA\":\"<p>Dolor reprehenderit.</p>\",\"KeyFeatures\":[{\"value\":\"Ansari Avez 1\",\"label\":\"Ansari Avez 1\"},{\"value\":\"Ansari Avez 2\",\"label\":\"Ansari Avez 2\"},{\"value\":\"Ansari Avez 3\",\"label\":\"Ansari Avez 3\"},{\"value\":\"Ansari Avez 4\",\"label\":\"Ansari Avez 4\"},{\"value\":\"Ansari Avez 5\",\"label\":\"Ansari Avez 5\"},{\"value\":\"Ansari Avez 6\",\"label\":\"Ansari Avez 6\"},{\"value\":\"Ansari Avez 7\",\"label\":\"Ansari Avez 7\"},{\"value\":\"Ansari Avez 8\",\"label\":\"Ansari Avez 8\"},{\"value\":\"Ansari Avez 9\",\"label\":\"Ansari Avez 9\"},{\"value\":\"Ansari Avez 10\",\"label\":\"Ansari Avez 10\"},{\"value\":\"Ansari Avez 11\",\"label\":\"Ansari Avez 11\"},{\"value\":\"Ansari Avez 12\",\"label\":\"Ansari Avez 12\"},{\"value\":\"Ansari Avez 13\",\"label\":\"Ansari Avez 13\"},{\"value\":\"Ansari Avez 14\",\"label\":\"Ansari Avez 14\"},{\"value\":\"Ansari Avez 15\",\"label\":\"Ansari Avez 15\"},{\"value\":\"Ansari Avez 16\",\"label\":\"Ansari Avez 16\"},{\"value\":\"Ansari Avez 17\",\"label\":\"Ansari Avez 17\"},{\"value\":\"Ansari Avez 18\",\"label\":\"Ansari Avez 18\"},{\"value\":\"Ansari Avez 19\",\"label\":\"Ansari Avez 19\"},{\"value\":\"Ansari Avez 20\",\"label\":\"Ansari Avez 20\"},{\"value\":\"Ansari Avez 21\",\"label\":\"Ansari Avez 21\"},{\"value\":\"Ansari Avez 22\",\"label\":\"Ansari Avez 22\"},{\"value\":\"Ansari Avez 23\",\"label\":\"Ansari Avez 23\"}],\"UspData\":[{\"tittle\":\"lkkhkkj\",\"content\":\"<p>jkhkjjhkjjn,</p>\",\"index\":null}]}"}
    Authorization : undefine
    Response : TypeError: Cannot read properties of undefined (reading 'map')
    at C:\Users\ansar\Desktop\projects\software-generation-backend\src\Controller\DynamicPagesController.js:51:32
    at C:\Users\ansar\Desktop\projects\software-generation-backend\src\utils\asyncErrorHandller.js:4:9
    at Layer.handle [as handle_request] (C:\Users\ansar\Desktop\projects\software-generation-backend\node_modules\express\lib\router\layer.js:95:5)
    at next (C:\Users\ansar\Desktop\projects\software-generation-backend\node_modules\express\lib\router\route.js:149:13)
    at done (C:\Users\ansar\Desktop\projects\software-generation-backend\node_modules\multer\lib\make-middleware.js:45:7)
    at indicateDone (C:\Users\ansar\Desktop\projects\software-generation-backend\node_modules\multer\lib\make-middleware.js:49:68)
    at C:\Users\ansar\Desktop\projects\software-generation-backend\node_modules\multer\lib\make-middleware.js:155:11
    at WriteStream.<anonymous> (C:\Users\ansar\Desktop\projects\software-generation-backend\node_modules\multer\storage\disk.js:43:9)
    at WriteStream.emit (node:events:530:35)
    at finish (node:internal/streams/writable:945:10)
    
    Remote ADD: Sunday, November 3rd 2024, 6:28:44 pm
    URL : http://localhost:5000/api/AddSoftware
    RequestBody : {"data":"{\"CategoryId\":\"671f6f7f00af443e211b52a5\",\"SoftwareName\":\"Freya Snider\",\"SubTittle\":\"Recusandae Sit in e\",\"discription\":\"<p>Ab aspernatur nulla .</p>\",\"SoftWareQA\":\"<p>Ipsum, explicabo. Te.</p>\",\"KeyFeatures\":[{\"value\":\"Ansari Avez 1\",\"label\":\"Ansari Avez 1\"},{\"value\":\"Ansari Avez 2\",\"label\":\"Ansari Avez 2\"},{\"value\":\"Ansari Avez 3\",\"label\":\"Ansari Avez 3\"},{\"value\":\"Ansari Avez 4\",\"label\":\"Ansari Avez 4\"},{\"value\":\"Ansari Avez 5\",\"label\":\"Ansari Avez 5\"},{\"value\":\"Ansari Avez 6\",\"label\":\"Ansari Avez 6\"},{\"value\":\"Ansari Avez 7\",\"label\":\"Ansari Avez 7\"},{\"value\":\"Ansari Avez 8\",\"label\":\"Ansari Avez 8\"},{\"value\":\"Ansari Avez 9\",\"label\":\"Ansari Avez 9\"},{\"value\":\"Ansari Avez 10\",\"label\":\"Ansari Avez 10\"},{\"value\":\"Ansari Avez 11\",\"label\":\"Ansari Avez 11\"},{\"value\":\"Ansari Avez 12\",\"label\":\"Ansari Avez 12\"},{\"value\":\"Ansari Avez 13\",\"label\":\"Ansari Avez 13\"},{\"value\":\"Ansari Avez 14\",\"label\":\"Ansari Avez 14\"},{\"value\":\"Ansari Avez 15\",\"label\":\"Ansari Avez 15\"},{\"value\":\"Ansari Avez 16\",\"label\":\"Ansari Avez 16\"},{\"value\":\"Ansari Avez 17\",\"label\":\"Ansari Avez 17\"},{\"value\":\"Ansari Avez 18\",\"label\":\"Ansari Avez 18\"},{\"value\":\"Ansari Avez 19\",\"label\":\"Ansari Avez 19\"},{\"value\":\"Ansari Avez 20\",\"label\":\"Ansari Avez 20\"},{\"value\":\"Ansari Avez 21\",\"label\":\"Ansari Avez 21\"},{\"value\":\"Ansari Avez 22\",\"label\":\"Ansari Avez 22\"},{\"value\":\"Ansari Avez 23\",\"label\":\"Ansari Avez 23\"}],\"UspData\":[{\"tittle\":\"lkkhkkj\",\"content\":\"<p>jkhkjjhkjjn,</p>\",\"index\":null}]}"}
    Authorization : undefine
    Response : TypeError: Cannot read properties of undefined (reading 'map')
    at C:\Users\ansar\Desktop\projects\software-generation-backend\src\Controller\DynamicPagesController.js:51:32
    at C:\Users\ansar\Desktop\projects\software-generation-backend\src\utils\asyncErrorHandller.js:4:9
    at Layer.handle [as handle_request] (C:\Users\ansar\Desktop\projects\software-generation-backend\node_modules\express\lib\router\layer.js:95:5)
    at next (C:\Users\ansar\Desktop\projects\software-generation-backend\node_modules\express\lib\router\route.js:149:13)
    at done (C:\Users\ansar\Desktop\projects\software-generation-backend\node_modules\multer\lib\make-middleware.js:45:7)
    at indicateDone (C:\Users\ansar\Desktop\projects\software-generation-backend\node_modules\multer\lib\make-middleware.js:49:68)
    at C:\Users\ansar\Desktop\projects\software-generation-backend\node_modules\multer\lib\make-middleware.js:155:11
    at WriteStream.<anonymous> (C:\Users\ansar\Desktop\projects\software-generation-backend\node_modules\multer\storage\disk.js:43:9)
    at WriteStream.emit (node:events:530:35)
    at finish (node:internal/streams/writable:945:10)
    
    Remote ADD: Sunday, November 3rd 2024, 7:56:52 pm
    URL : http://localhost:5000/api/FetchAllSoftware/671f5f5400af443e210520ec
    RequestBody : {}
    Authorization : undefine
    Response : StrictPopulateError: Cannot populate path `TableCaparison` because it is not in your schema. Set the `strictPopulate` option to false to override.
    at getModelsMapForPopulate (C:\Users\ansar\Desktop\projects\software-generation-backend\node_modules\mongoose\lib\helpers\populate\getModelsMapForPopulate.js:50:12)
    at populate (C:\Users\ansar\Desktop\projects\software-generation-backend\node_modules\mongoose\lib\model.js:4515:21)
    at _populate (C:\Users\ansar\Desktop\projects\software-generation-backend\node_modules\mongoose\lib\model.js:4475:5)
    at C:\Users\ansar\Desktop\projects\software-generation-backend\node_modules\mongoose\lib\model.js:4447:5
    at new Promise (<anonymous>)
    at Function.populate (C:\Users\ansar\Desktop\projects\software-generation-backend\node_modules\mongoose\lib\model.js:4446:10)
    at model.Query._find (C:\Users\ansar\Desktop\projects\software-generation-backend\node_modules\mongoose\lib\query.js:2284:24)
    at process.processTicksAndRejections (node:internal/process/task_queues:95:5)
    at async model.Query.exec (C:\Users\ansar\Desktop\projects\software-generation-backend\node_modules\mongoose\lib\query.js:4342:63)
    at async C:\Users\ansar\Desktop\projects\software-generation-backend\src\Controller\DynamicPagesController.js:71:16
    
    Remote ADD: Sunday, November 3rd 2024, 7:59:43 pm
    URL : http://localhost:5000/api/FetchAllSoftware/671f5f5400af443e210520ec
    RequestBody : {}
    Authorization : undefine
    Response : StrictPopulateError: Cannot populate path `TableCaparison` because it is not in your schema. Set the `strictPopulate` option to false to override.
    at getModelsMapForPopulate (C:\Users\ansar\Desktop\projects\software-generation-backend\node_modules\mongoose\lib\helpers\populate\getModelsMapForPopulate.js:50:12)
    at populate (C:\Users\ansar\Desktop\projects\software-generation-backend\node_modules\mongoose\lib\model.js:4515:21)
    at _populate (C:\Users\ansar\Desktop\projects\software-generation-backend\node_modules\mongoose\lib\model.js:4475:5)
    at C:\Users\ansar\Desktop\projects\software-generation-backend\node_modules\mongoose\lib\model.js:4447:5
    at new Promise (<anonymous>)
    at Function.populate (C:\Users\ansar\Desktop\projects\software-generation-backend\node_modules\mongoose\lib\model.js:4446:10)
    at model.Query._find (C:\Users\ansar\Desktop\projects\software-generation-backend\node_modules\mongoose\lib\query.js:2284:24)
    at process.processTicksAndRejections (node:internal/process/task_queues:95:5)
    at async model.Query.exec (C:\Users\ansar\Desktop\projects\software-generation-backend\node_modules\mongoose\lib\query.js:4342:63)
    at async C:\Users\ansar\Desktop\projects\software-generation-backend\src\Controller\DynamicPagesController.js:71:16
    
    Remote ADD: Sunday, November 3rd 2024, 8:05:36 pm
    URL : http://localhost:5000/api/FetchAllSoftware/671f5f5400af443e210520ec
    RequestBody : {}
    Authorization : undefine
    Response : StrictPopulateError: Cannot populate path `TableCaparison` because it is not in your schema. Set the `strictPopulate` option to false to override.
    at getModelsMapForPopulate (C:\Users\ansar\Desktop\projects\software-generation-backend\node_modules\mongoose\lib\helpers\populate\getModelsMapForPopulate.js:50:12)
    at populate (C:\Users\ansar\Desktop\projects\software-generation-backend\node_modules\mongoose\lib\model.js:4515:21)
    at _populate (C:\Users\ansar\Desktop\projects\software-generation-backend\node_modules\mongoose\lib\model.js:4475:5)
    at C:\Users\ansar\Desktop\projects\software-generation-backend\node_modules\mongoose\lib\model.js:4447:5
    at new Promise (<anonymous>)
    at Function.populate (C:\Users\ansar\Desktop\projects\software-generation-backend\node_modules\mongoose\lib\model.js:4446:10)
    at model.Query._find (C:\Users\ansar\Desktop\projects\software-generation-backend\node_modules\mongoose\lib\query.js:2284:24)
    at process.processTicksAndRejections (node:internal/process/task_queues:95:5)
    at async model.Query.exec (C:\Users\ansar\Desktop\projects\software-generation-backend\node_modules\mongoose\lib\query.js:4342:63)
    at async C:\Users\ansar\Desktop\projects\software-generation-backend\src\Controller\DynamicPagesController.js:71:16
    
    Remote ADD: Sunday, November 3rd 2024, 10:43:10 pm
    URL : http://localhost:5000/api/AddSoftware
    RequestBody : {"data":"{\"SoftwareName\":\"Zooho Book not in the book\",\"SubTittle\":\"No1 Software for Accounting\",\"discription\":\"<p>Software Discription</p>\",\"SoftWareQA\":\"<p>Software Q And A</p>\",\"KeyFeatures\":[{\"value\":\"Ansari Avez 1\",\"label\":\"Ansari Avez 1\"},{\"value\":\"Ansari Avez 2\",\"label\":\"Ansari Avez 2\"},{\"value\":\"Ansari Avez 3\",\"label\":\"Ansari Avez 3\"},{\"value\":\"Ansari Avez 4\",\"label\":\"Ansari Avez 4\"},{\"value\":\"Ansari Avez 5\",\"label\":\"Ansari Avez 5\"},{\"value\":\"Ansari Avez 6\",\"label\":\"Ansari Avez 6\"},{\"value\":\"Ansari Avez 7\",\"label\":\"Ansari Avez 7\"},{\"value\":\"Ansari Avez 8\",\"label\":\"Ansari Avez 8\"},{\"value\":\"Ansari Avez 9\",\"label\":\"Ansari Avez 9\"},{\"value\":\"Ansari Avez 10\",\"label\":\"Ansari Avez 10\"},{\"value\":\"Ansari Avez 11\",\"label\":\"Ansari Avez 11\"},{\"value\":\"Ansari Avez 12\",\"label\":\"Ansari Avez 12\"},{\"value\":\"Ansari Avez 13\",\"label\":\"Ansari Avez 13\"},{\"value\":\"Ansari Avez 14\",\"label\":\"Ansari Avez 14\"},{\"value\":\"Ansari Avez 15\",\"label\":\"Ansari Avez 15\"},{\"value\":\"Ansari Avez 16\",\"label\":\"Ansari Avez 16\"},{\"value\":\"Ansari Avez 17\",\"label\":\"Ansari Avez 17\"},{\"value\":\"Ansari Avez 18\",\"label\":\"Ansari Avez 18\"},{\"value\":\"Ansari Avez 19\",\"label\":\"Ansari Avez 19\"},{\"value\":\"Ansari Avez 20\",\"label\":\"Ansari Avez 20\"},{\"value\":\"Ansari Avez 21\",\"label\":\"Ansari Avez 21\"},{\"value\":\"Ansari Avez 22\",\"label\":\"Ansari Avez 22\"},{\"value\":\"Ansari Avez 23\",\"label\":\"Ansari Avez 23\"}],\"UspData\":[{\"tittle\":\"jhjkhjkhkjhkj\",\"content\":\"<p>jhkjhkjkjhhk</p>\",\"_id\":\"6727753488dfc760101af393\"}],\"id\":null}","image":"http://localhost:5000/live/1730639156950-WhatsApp Image 2024-11-02 at 14.26.57.jpeg"}
    Authorization : undefine
    Response : TypeError: Cannot read properties of undefined (reading 'filename')
    at C:\Users\ansar\Desktop\projects\software-generation-backend\src\Controller\DynamicPagesController.js:58:18
    at C:\Users\ansar\Desktop\projects\software-generation-backend\src\utils\asyncErrorHandller.js:4:9
    at Layer.handle [as handle_request] (C:\Users\ansar\Desktop\projects\software-generation-backend\node_modules\express\lib\router\layer.js:95:5)
    at next (C:\Users\ansar\Desktop\projects\software-generation-backend\node_modules\express\lib\router\route.js:149:13)
    at done (C:\Users\ansar\Desktop\projects\software-generation-backend\node_modules\multer\lib\make-middleware.js:45:7)
    at indicateDone (C:\Users\ansar\Desktop\projects\software-generation-backend\node_modules\multer\lib\make-middleware.js:49:68)
    at Multipart.<anonymous> (C:\Users\ansar\Desktop\projects\software-generation-backend\node_modules\multer\lib\make-middleware.js:166:7)
    at Multipart.emit (node:events:518:28)
    at emitCloseNT (node:internal/streams/destroy:147:10)
    at process.processTicksAndRejections (node:internal/process/task_queues:81:21)
    